2024-10-23 09:47:31.919 +02:00 [INF] User profile is available. Using 'C:\Users\trent\AppData\Local\ASP.NET\DataProtection-Keys' as key repository and Windows DPAPI to encrypt keys at rest.
2024-10-23 09:47:32.057 +02:00 [INF] Now listening on: https://localhost:7061
2024-10-23 09:47:32.060 +02:00 [INF] Now listening on: http://localhost:5042
2024-10-23 09:47:32.063 +02:00 [INF] Application started. Press Ctrl+C to shut down.
2024-10-23 09:47:32.064 +02:00 [INF] Hosting environment: Development
2024-10-23 09:47:32.064 +02:00 [INF] Content root path: C:\Users\trent\source\repos\Apptivate_UQMS
2024-10-23 09:47:32.236 +02:00 [INF] Request starting HTTP/2 GET https://localhost:7061/Dashboard/StudentDashboard - null null
2024-10-23 09:47:32.516 +02:00 [INF] Firebase was not authenticated. Failure message: Firebase token validation failed: Firebase ID token expired at 1729668858. Expected to be greater than 1729669652.
2024-10-23 09:47:32.548 +02:00 [INF] Authorization failed. These requirements were not met:
DenyAnonymousAuthorizationRequirement: Requires an authenticated user.
RolesAuthorizationRequirement:User.IsInRole must be true for one of the following roles: (Student)
2024-10-23 09:47:32.552 +02:00 [INF] AuthenticationScheme: Firebase was challenged.
2024-10-23 09:47:32.560 +02:00 [INF] Request finished HTTP/2 GET https://localhost:7061/Dashboard/StudentDashboard - 401 0 null 325.5123ms
2024-10-23 09:47:49.322 +02:00 [INF] Request starting HTTP/2 GET https://localhost:7061/ - null null
2024-10-23 09:47:49.344 +02:00 [INF] Firebase was not authenticated. Failure message: Firebase token validation failed: Firebase ID token expired at 1729668858. Expected to be greater than 1729669669.
2024-10-23 09:47:49.349 +02:00 [INF] Firebase was not authenticated. Failure message: Firebase token validation failed: Firebase ID token expired at 1729668858. Expected to be greater than 1729669669.
2024-10-23 09:47:49.353 +02:00 [INF] Executing endpoint 'Apptivate_UQMS_WebApp.Controllers.AccountController.Login (Apptivate_UQMS_WebApp)'
2024-10-23 09:47:49.376 +02:00 [INF] Route matched with {action = "Login", controller = "Account"}. Executing controller action with signature System.Threading.Tasks.Task`1[Microsoft.AspNetCore.Mvc.IActionResult] Login() on controller Apptivate_UQMS_WebApp.Controllers.AccountController (Apptivate_UQMS_WebApp).
2024-10-23 09:47:49.526 +02:00 [ERR] Error during auto-login: Firebase ID token expired at 1729668858. Expected to be greater than 1729669669.
2024-10-23 09:47:49.540 +02:00 [INF] Executing ViewResult, running view Login.
2024-10-23 09:47:49.632 +02:00 [INF] Executed ViewResult - view Login executed in 97.8081ms.
2024-10-23 09:47:49.634 +02:00 [INF] Executed action Apptivate_UQMS_WebApp.Controllers.AccountController.Login (Apptivate_UQMS_WebApp) in 255.4986ms
2024-10-23 09:47:49.635 +02:00 [INF] Executed endpoint 'Apptivate_UQMS_WebApp.Controllers.AccountController.Login (Apptivate_UQMS_WebApp)'
2024-10-23 09:47:49.640 +02:00 [INF] Request finished HTTP/2 GET https://localhost:7061/ - 200 null text/html; charset=utf-8 317.5539ms
2024-10-23 09:47:49.678 +02:00 [INF] Request starting HTTP/2 GET https://localhost:7061/_framework/aspnetcore-browser-refresh.js - null null
2024-10-23 09:47:49.682 +02:00 [INF] Request starting HTTP/2 GET https://localhost:7061/_vs/browserLink - null null
2024-10-23 09:47:49.692 +02:00 [INF] Request finished HTTP/2 GET https://localhost:7061/_framework/aspnetcore-browser-refresh.js - 200 13778 application/javascript; charset=utf-8 13.8773ms
2024-10-23 09:47:49.729 +02:00 [INF] Request finished HTTP/2 GET https://localhost:7061/_vs/browserLink - 200 null text/javascript; charset=UTF-8 47.58ms
2024-10-23 09:48:00.312 +02:00 [INF] Request starting HTTP/2 POST https://localhost:7061/ - application/x-www-form-urlencoded 224
2024-10-23 09:48:00.317 +02:00 [INF] Firebase was not authenticated. Failure message: Firebase token validation failed: Firebase ID token expired at 1729668858. Expected to be greater than 1729669680.
2024-10-23 09:48:00.318 +02:00 [INF] Firebase was not authenticated. Failure message: Firebase token validation failed: Firebase ID token expired at 1729668858. Expected to be greater than 1729669680.
2024-10-23 09:48:00.319 +02:00 [INF] Executing endpoint 'Apptivate_UQMS_WebApp.Controllers.AccountController.Login (Apptivate_UQMS_WebApp)'
2024-10-23 09:48:00.333 +02:00 [INF] Route matched with {action = "Login", controller = "Account"}. Executing controller action with signature System.Threading.Tasks.Task`1[Microsoft.AspNetCore.Mvc.IActionResult] Login(LoginViewModel) on controller Apptivate_UQMS_WebApp.Controllers.AccountController (Apptivate_UQMS_WebApp).
2024-10-23 09:48:00.367 +02:00 [INF] Attempting to log in user with email: jorge@gmail.com
2024-10-23 09:48:00.384 +02:00 [INF] Start processing HTTP request POST https://identitytoolkit.googleapis.com/v1/accounts:signInWithPassword?key=AIzaSyDXB0dEozyPQdXzlGyQFP1elMObEksarR0
2024-10-23 09:48:00.387 +02:00 [INF] Sending HTTP request POST https://identitytoolkit.googleapis.com/v1/accounts:signInWithPassword?key=AIzaSyDXB0dEozyPQdXzlGyQFP1elMObEksarR0
2024-10-23 09:48:00.967 +02:00 [INF] Received HTTP response headers after 577.1612ms - 200
2024-10-23 09:48:00.970 +02:00 [INF] End processing HTTP request after 586.6139ms - 200
2024-10-23 09:48:00.972 +02:00 [INF] User logged in successfully.
2024-10-23 09:48:02.546 +02:00 [WRN] Sensitive data logging is enabled. Log entries and exception messages may include sensitive application data; this mode should only be enabled during development.
2024-10-23 09:48:03.333 +02:00 [INF] Executed DbCommand (121ms) [Parameters=[@__firebaseUser_Uid_0='a5zHm5xhMpfm1TbNBSM3GXRXWLf2' (Size = 4000)], CommandType='"Text"', CommandTimeout='30']
SELECT TOP(2) [u].[UserID], [u].[Email], [u].[FirebaseUID], [u].[LastSeen], [u].[Name], [u].[PasswordHash], [u].[RegistrationDate], [u].[Role], [u].[Surname]
FROM [Users] AS [u]
WHERE [u].[FirebaseUID] = @__firebaseUser_Uid_0
2024-10-23 09:48:03.499 +02:00 [INF] Executed DbCommand (23ms) [Parameters=[@p1='1', @p0='2024-10-23T07:48:03.4061181Z' (Nullable = true)], CommandType='"Text"', CommandTimeout='30']
SET IMPLICIT_TRANSACTIONS OFF;
SET NOCOUNT ON;
UPDATE [Users] SET [LastSeen] = @p0
OUTPUT 1
WHERE [UserID] = @p1;
2024-10-23 09:48:03.511 +02:00 [INF] Accessing expired session, Key:98fe3cdb-77b3-bfc4-c6b8-277193dd97aa
2024-10-23 09:48:03.512 +02:00 [INF] User Jorge@gmail.com logged in successfully.
2024-10-23 09:48:03.515 +02:00 [INF] Executing RedirectResult, redirecting to /Dashboard/StudentDashboard.
2024-10-23 09:48:03.516 +02:00 [INF] Executed action Apptivate_UQMS_WebApp.Controllers.AccountController.Login (Apptivate_UQMS_WebApp) in 3181.6694ms
2024-10-23 09:48:03.517 +02:00 [INF] Executed endpoint 'Apptivate_UQMS_WebApp.Controllers.AccountController.Login (Apptivate_UQMS_WebApp)'
2024-10-23 09:48:03.518 +02:00 [INF] Session started; Key:98fe3cdb-77b3-bfc4-c6b8-277193dd97aa, Id:97b01b31-fb78-ad9b-bd59-60521e1361c0
2024-10-23 09:48:03.525 +02:00 [INF] Request finished HTTP/2 POST https://localhost:7061/ - 302 0 null 3212.6446ms
2024-10-23 09:48:03.526 +02:00 [INF] Request starting HTTP/2 GET https://localhost:7061/Dashboard/StudentDashboard - null null
2024-10-23 09:48:03.789 +02:00 [INF] Executing endpoint 'Apptivate_UQMS_WebApp.Controllers.DashboardController.StudentDashboard (Apptivate_UQMS_WebApp)'
2024-10-23 09:48:03.793 +02:00 [INF] Route matched with {action = "StudentDashboard", controller = "Dashboard"}. Executing controller action with signature System.Threading.Tasks.Task`1[Microsoft.AspNetCore.Mvc.IActionResult] StudentDashboard() on controller Apptivate_UQMS_WebApp.Controllers.DashboardController (Apptivate_UQMS_WebApp).
2024-10-23 09:48:03.898 +02:00 [INF] Executed DbCommand (22ms) [Parameters=[@__firebaseUid_0='a5zHm5xhMpfm1TbNBSM3GXRXWLf2' (Size = 4000)], CommandType='"Text"', CommandTimeout='30']
SELECT TOP(1) [s].[StudentID], [s].[Course], [s].[Department], [s].[UserID], [s].[Year], [u].[UserID], [u].[Email], [u].[FirebaseUID], [u].[LastSeen], [u].[Name], [u].[PasswordHash], [u].[RegistrationDate], [u].[Role], [u].[Surname]
FROM [StudentDetails] AS [s]
INNER JOIN [Users] AS [u] ON [s].[UserID] = [u].[UserID]
WHERE [u].[FirebaseUID] = @__firebaseUid_0
2024-10-23 09:48:04.005 +02:00 [INF] Executed DbCommand (32ms) [Parameters=[@__student_StudentID_0='1'], CommandType='"Text"', CommandTimeout='30']
SELECT [q].[Status], COUNT(*) AS [Count]
FROM [Queries] AS [q]
WHERE [q].[StudentID] = @__student_StudentID_0
GROUP BY [q].[Status]
2024-10-23 09:48:04.061 +02:00 [INF] Executed DbCommand (23ms) [Parameters=[@__student_StudentID_0='1'], CommandType='"Text"', CommandTimeout='30']
SELECT [q].[QueryID], [q].[CategoryID], [q].[CourseID], [q].[DepartmentID], [q].[Description], [q].[ModuleID], [q].[QueryTypeID], [q].[ResolvedDate], [q].[Status], [q].[StudentID], [q].[SubmissionDate], [q].[TicketNumber], [q].[Year], [q0].[DocumentID], [q0].[DocumentName], [q0].[DocumentPath], [q0].[QueryID], [q0].[UploadDate]
FROM [Queries] AS [q]
LEFT JOIN [QueryDocuments] AS [q0] ON [q].[QueryID] = [q0].[QueryID]
WHERE [q].[StudentID] = @__student_StudentID_0
ORDER BY [q].[QueryID]
2024-10-23 09:48:04.127 +02:00 [INF] Executed DbCommand (9ms) [Parameters=[@__firebaseUid_0='a5zHm5xhMpfm1TbNBSM3GXRXWLf2' (Size = 4000)], CommandType='"Text"', CommandTimeout='30']
SELECT TOP(1) [u].[UserID], [u].[Email], [u].[FirebaseUID], [u].[LastSeen], [u].[Name], [u].[PasswordHash], [u].[RegistrationDate], [u].[Role], [u].[Surname]
FROM [Users] AS [u]
WHERE [u].[FirebaseUID] = @__firebaseUid_0
2024-10-23 09:48:04.146 +02:00 [INF] Executed DbCommand (12ms) [Parameters=[@__user_UserID_0='1'], CommandType='"Text"', CommandTimeout='30']
SELECT TOP(1) [s].[StudentID], [s].[Course], [s].[Department], [s].[UserID], [s].[Year]
FROM [StudentDetails] AS [s]
WHERE [s].[UserID] = @__user_UserID_0
2024-10-23 09:48:04.177 +02:00 [INF] Executed DbCommand (18ms) [Parameters=[@__user_UserID_0='1'], CommandType='"Text"', CommandTimeout='30']
SELECT TOP(1) [s].[StaffID], [s].[Department], [s].[PositionID], [s].[UserID], [s].[YearGroupTeaching], [p].[PositionID], [p].[PositionName]
FROM [StaffDetails] AS [s]
LEFT JOIN [Positions] AS [p] ON [s].[PositionID] = [p].[PositionID]
WHERE [s].[UserID] = @__user_UserID_0
2024-10-23 09:48:04.182 +02:00 [INF] Executing ViewResult, running view StudentDashboard.
2024-10-23 09:48:04.251 +02:00 [INF] Executed ViewResult - view StudentDashboard executed in 69.6848ms.
2024-10-23 09:48:04.255 +02:00 [INF] Executed action Apptivate_UQMS_WebApp.Controllers.DashboardController.StudentDashboard (Apptivate_UQMS_WebApp) in 460.5008ms
2024-10-23 09:48:04.258 +02:00 [INF] Executed endpoint 'Apptivate_UQMS_WebApp.Controllers.DashboardController.StudentDashboard (Apptivate_UQMS_WebApp)'
2024-10-23 09:48:04.260 +02:00 [INF] Request finished HTTP/2 GET https://localhost:7061/Dashboard/StudentDashboard - 200 null text/html; charset=utf-8 734.2846ms
2024-10-23 09:48:04.288 +02:00 [INF] Request starting HTTP/2 GET https://localhost:7061/_framework/aspnetcore-browser-refresh.js - null null
2024-10-23 09:48:04.292 +02:00 [INF] Request starting HTTP/2 GET https://localhost:7061/_vs/browserLink - null null
2024-10-23 09:48:04.294 +02:00 [INF] Request finished HTTP/2 GET https://localhost:7061/_framework/aspnetcore-browser-refresh.js - 200 13778 application/javascript; charset=utf-8 6.1843ms
2024-10-23 09:48:04.305 +02:00 [INF] Request finished HTTP/2 GET https://localhost:7061/_vs/browserLink - 200 null text/javascript; charset=UTF-8 12.6046ms
2024-10-23 09:48:06.749 +02:00 [INF] Request starting HTTP/2 GET https://localhost:7061/Logs/Index - null null
2024-10-23 09:48:06.758 +02:00 [INF] Executing endpoint 'Apptivate_UQMS_WebApp.Controllers.LogsController.Index (Apptivate_UQMS_WebApp)'
2024-10-23 09:48:06.761 +02:00 [INF] Route matched with {action = "Index", controller = "Logs"}. Executing controller action with signature Microsoft.AspNetCore.Mvc.IActionResult Index() on controller Apptivate_UQMS_WebApp.Controllers.LogsController (Apptivate_UQMS_WebApp).
2024-10-23 09:48:06.764 +02:00 [INF] Executing ViewResult, running view Error.
2024-10-23 09:48:06.772 +02:00 [INF] Executed ViewResult - view Error executed in 8.6937ms.
2024-10-23 09:48:06.774 +02:00 [INF] Executed action Apptivate_UQMS_WebApp.Controllers.LogsController.Index (Apptivate_UQMS_WebApp) in 11.4988ms
2024-10-23 09:48:06.776 +02:00 [INF] Executed endpoint 'Apptivate_UQMS_WebApp.Controllers.LogsController.Index (Apptivate_UQMS_WebApp)'
2024-10-23 09:48:06.777 +02:00 [INF] Request finished HTTP/2 GET https://localhost:7061/Logs/Index - 200 null text/html; charset=utf-8 28.5496ms
2024-10-23 09:48:06.800 +02:00 [INF] Request starting HTTP/2 GET https://localhost:7061/_vs/browserLink - null null
2024-10-23 09:48:06.807 +02:00 [INF] Request finished HTTP/2 GET https://localhost:7061/_vs/browserLink - 200 null text/javascript; charset=UTF-8 7.1275ms
2024-10-23 09:48:06.808 +02:00 [INF] Request starting HTTP/2 GET https://localhost:7061/_framework/aspnetcore-browser-refresh.js - null null
2024-10-23 09:48:06.814 +02:00 [INF] Request finished HTTP/2 GET https://localhost:7061/_framework/aspnetcore-browser-refresh.js - 200 13778 application/javascript; charset=utf-8 6.2705ms
2024-10-23 10:01:06.999 +02:00 [INF] User profile is available. Using 'C:\Users\trent\AppData\Local\ASP.NET\DataProtection-Keys' as key repository and Windows DPAPI to encrypt keys at rest.
2024-10-23 10:01:07.244 +02:00 [INF] Now listening on: https://localhost:7061
2024-10-23 10:01:07.245 +02:00 [INF] Now listening on: http://localhost:5042
2024-10-23 10:01:07.250 +02:00 [INF] Application started. Press Ctrl+C to shut down.
2024-10-23 10:01:07.252 +02:00 [INF] Hosting environment: Development
2024-10-23 10:01:07.252 +02:00 [INF] Content root path: C:\Users\trent\source\repos\Apptivate_UQMS
2024-10-23 10:01:07.777 +02:00 [INF] Request starting HTTP/2 GET https://localhost:7061/Logs/Index - null null
2024-10-23 10:01:08.794 +02:00 [INF] Executing endpoint 'Apptivate_UQMS_WebApp.Controllers.LogsController.Index (Apptivate_UQMS_WebApp)'
2024-10-23 10:01:08.806 +02:00 [INF] Route matched with {action = "Index", controller = "Logs"}. Executing controller action with signature Microsoft.AspNetCore.Mvc.IActionResult Index() on controller Apptivate_UQMS_WebApp.Controllers.LogsController (Apptivate_UQMS_WebApp).
2024-10-23 10:01:08.819 +02:00 [INF] Executing ViewResult, running view Error.
2024-10-23 10:01:08.845 +02:00 [INF] Executed action Apptivate_UQMS_WebApp.Controllers.LogsController.Index (Apptivate_UQMS_WebApp) in 34.0197ms
2024-10-23 10:01:08.849 +02:00 [INF] Executed endpoint 'Apptivate_UQMS_WebApp.Controllers.LogsController.Index (Apptivate_UQMS_WebApp)'
2024-10-23 10:01:08.854 +02:00 [ERR] An unhandled exception has occurred while executing the request.
System.InvalidOperationException: The model item passed into the ViewDataDictionary is of type 'System.String', but this ViewDataDictionary instance requires a model item of type 'Apptivate_UQMS_WebApp.Models.ErrorViewModel'.
   at Microsoft.AspNetCore.Mvc.ViewFeatures.ViewDataDictionary.EnsureCompatible(Object value)
   at lambda_method34(Closure, ViewDataDictionary)
   at Microsoft.AspNetCore.Mvc.Razor.RazorPagePropertyActivator.Activate(Object page, ViewContext context)
   at Microsoft.AspNetCore.Mvc.Razor.RazorView.RenderPageCoreAsync(IRazorPage page, ViewContext context)
   at Microsoft.AspNetCore.Mvc.Razor.RazorView.RenderPageAsync(IRazorPage page, ViewContext context, Boolean invokeViewStarts)
   at Microsoft.AspNetCore.Mvc.Razor.RazorView.RenderAsync(ViewContext context)
   at Microsoft.AspNetCore.Mvc.ViewFeatures.ViewExecutor.ExecuteAsync(ViewContext viewContext, String contentType, Nullable`1 statusCode)
   at Microsoft.AspNetCore.Mvc.ViewFeatures.ViewExecutor.ExecuteAsync(ViewContext viewContext, String contentType, Nullable`1 statusCode)
   at Microsoft.AspNetCore.Mvc.ViewFeatures.ViewExecutor.ExecuteAsync(ActionContext actionContext, IView view, ViewDataDictionary viewData, ITempDataDictionary tempData, String contentType, Nullable`1 statusCode)
   at Microsoft.AspNetCore.Mvc.ViewFeatures.ViewResultExecutor.ExecuteAsync(ActionContext context, ViewResult result)
   at Microsoft.AspNetCore.Mvc.ViewResult.ExecuteResultAsync(ActionContext context)
   at Microsoft.AspNetCore.Mvc.Infrastructure.ResourceInvoker.<InvokeNextResultFilterAsync>g__Awaited|30_0[TFilter,TFilterAsync](ResourceInvoker invoker, Task lastTask, State next, Scope scope, Object state, Boolean isCompleted)
   at Microsoft.AspNetCore.Mvc.Infrastructure.ResourceInvoker.Rethrow(ResultExecutedContextSealed context)
   at Microsoft.AspNetCore.Mvc.Infrastructure.ResourceInvoker.ResultNext[TFilter,TFilterAsync](State& next, Scope& scope, Object& state, Boolean& isCompleted)
   at Microsoft.AspNetCore.Mvc.Infrastructure.ResourceInvoker.InvokeResultFilters()
--- End of stack trace from previous location ---
   at Microsoft.AspNetCore.Mvc.Infrastructure.ResourceInvoker.<InvokeNextResourceFilter>g__Awaited|25_0(ResourceInvoker invoker, Task lastTask, State next, Scope scope, Object state, Boolean isCompleted)
   at Microsoft.AspNetCore.Mvc.Infrastructure.ResourceInvoker.Rethrow(ResourceExecutedContextSealed context)
   at Microsoft.AspNetCore.Mvc.Infrastructure.ResourceInvoker.Next(State& next, Scope& scope, Object& state, Boolean& isCompleted)
   at Microsoft.AspNetCore.Mvc.Infrastructure.ResourceInvoker.InvokeFilterPipelineAsync()
--- End of stack trace from previous location ---
   at Microsoft.AspNetCore.Mvc.Infrastructure.ResourceInvoker.<InvokeAsync>g__Logged|17_1(ResourceInvoker invoker)
   at Microsoft.AspNetCore.Mvc.Infrastructure.ResourceInvoker.<InvokeAsync>g__Logged|17_1(ResourceInvoker invoker)
   at Microsoft.AspNetCore.Routing.EndpointMiddleware.<Invoke>g__AwaitRequestTask|7_0(Endpoint endpoint, Task requestTask, ILogger logger)
   at Microsoft.AspNetCore.Authorization.AuthorizationMiddleware.Invoke(HttpContext context)
   at Microsoft.AspNetCore.Authentication.AuthenticationMiddleware.Invoke(HttpContext context)
   at Microsoft.AspNetCore.Authorization.AuthorizationMiddleware.Invoke(HttpContext context)
   at Microsoft.AspNetCore.Authentication.AuthenticationMiddleware.Invoke(HttpContext context)
   at Microsoft.AspNetCore.Session.SessionMiddleware.Invoke(HttpContext context)
   at Microsoft.AspNetCore.Session.SessionMiddleware.Invoke(HttpContext context)
   at Microsoft.AspNetCore.Diagnostics.DeveloperExceptionPageMiddlewareImpl.Invoke(HttpContext context)
2024-10-23 10:01:08.925 +02:00 [INF] Request finished HTTP/2 GET https://localhost:7061/Logs/Index - 500 null text/html; charset=utf-8 1150.7191ms
2024-10-23 10:01:09.068 +02:00 [INF] Request starting HTTP/2 GET https://localhost:7061/_vs/browserLink - null null
2024-10-23 10:01:09.068 +02:00 [INF] Request starting HTTP/2 GET https://localhost:7061/_framework/aspnetcore-browser-refresh.js - null null
2024-10-23 10:01:09.080 +02:00 [INF] Request finished HTTP/2 GET https://localhost:7061/_framework/aspnetcore-browser-refresh.js - 200 13778 application/javascript; charset=utf-8 11.8017ms
2024-10-23 10:01:09.136 +02:00 [INF] Request finished HTTP/2 GET https://localhost:7061/_vs/browserLink - 200 null text/javascript; charset=UTF-8 67.6733ms
2024-10-23 10:01:15.612 +02:00 [INF] Request starting HTTP/2 GET https://localhost:7061/Dashboard/StudentDashboard - null null
2024-10-23 10:01:15.637 +02:00 [INF] Executing endpoint 'Apptivate_UQMS_WebApp.Controllers.DashboardController.StudentDashboard (Apptivate_UQMS_WebApp)'
2024-10-23 10:01:15.647 +02:00 [INF] Route matched with {action = "StudentDashboard", controller = "Dashboard"}. Executing controller action with signature System.Threading.Tasks.Task`1[Microsoft.AspNetCore.Mvc.IActionResult] StudentDashboard() on controller Apptivate_UQMS_WebApp.Controllers.DashboardController (Apptivate_UQMS_WebApp).
2024-10-23 10:01:15.832 +02:00 [INF] Accessing expired session, Key:98fe3cdb-77b3-bfc4-c6b8-277193dd97aa
2024-10-23 10:01:15.833 +02:00 [ERR] User not logged in.
2024-10-23 10:01:15.847 +02:00 [INF] Executing RedirectResult, redirecting to /.
2024-10-23 10:01:15.849 +02:00 [INF] Executed action Apptivate_UQMS_WebApp.Controllers.DashboardController.StudentDashboard (Apptivate_UQMS_WebApp) in 200.3978ms
2024-10-23 10:01:15.850 +02:00 [INF] Executed endpoint 'Apptivate_UQMS_WebApp.Controllers.DashboardController.StudentDashboard (Apptivate_UQMS_WebApp)'
2024-10-23 10:01:15.853 +02:00 [INF] Request finished HTTP/2 GET https://localhost:7061/Dashboard/StudentDashboard - 302 0 null 240.5449ms
2024-10-23 10:01:15.860 +02:00 [INF] Request starting HTTP/2 GET https://localhost:7061/ - null null
2024-10-23 10:01:15.865 +02:00 [INF] Executing endpoint 'Apptivate_UQMS_WebApp.Controllers.AccountController.Login (Apptivate_UQMS_WebApp)'
2024-10-23 10:01:15.870 +02:00 [INF] Route matched with {action = "Login", controller = "Account"}. Executing controller action with signature System.Threading.Tasks.Task`1[Microsoft.AspNetCore.Mvc.IActionResult] Login() on controller Apptivate_UQMS_WebApp.Controllers.AccountController (Apptivate_UQMS_WebApp).
2024-10-23 10:01:17.400 +02:00 [WRN] Sensitive data logging is enabled. Log entries and exception messages may include sensitive application data; this mode should only be enabled during development.
2024-10-23 10:01:18.316 +02:00 [INF] Executed DbCommand (157ms) [Parameters=[@__firebaseUser_Uid_0='a5zHm5xhMpfm1TbNBSM3GXRXWLf2' (Size = 4000)], CommandType='"Text"', CommandTimeout='30']
SELECT TOP(2) [u].[UserID], [u].[Email], [u].[FirebaseUID], [u].[LastSeen], [u].[Name], [u].[PasswordHash], [u].[RegistrationDate], [u].[Role], [u].[Surname]
FROM [Users] AS [u]
WHERE [u].[FirebaseUID] = @__firebaseUser_Uid_0
2024-10-23 10:01:18.389 +02:00 [INF] Accessing expired session, Key:98fe3cdb-77b3-bfc4-c6b8-277193dd97aa
2024-10-23 10:01:18.393 +02:00 [INF] Auto-login successful for user Jorge@gmail.com.
2024-10-23 10:01:18.396 +02:00 [INF] Executing RedirectResult, redirecting to /Dashboard/Index.
2024-10-23 10:01:18.398 +02:00 [INF] Executed action Apptivate_UQMS_WebApp.Controllers.AccountController.Login (Apptivate_UQMS_WebApp) in 2526.2237ms
2024-10-23 10:01:18.402 +02:00 [INF] Executed endpoint 'Apptivate_UQMS_WebApp.Controllers.AccountController.Login (Apptivate_UQMS_WebApp)'
2024-10-23 10:01:18.405 +02:00 [INF] Session started; Key:98fe3cdb-77b3-bfc4-c6b8-277193dd97aa, Id:cc30f7f9-3cde-67db-dad6-d664876c25a9
2024-10-23 10:01:18.413 +02:00 [INF] Request finished HTTP/2 GET https://localhost:7061/ - 302 0 null 2553.2328ms
2024-10-23 10:01:19.670 +02:00 [INF] Request starting HTTP/2 GET https://localhost:7061/ - null null
2024-10-23 10:01:19.679 +02:00 [INF] Executing endpoint 'Apptivate_UQMS_WebApp.Controllers.AccountController.Login (Apptivate_UQMS_WebApp)'
2024-10-23 10:01:19.680 +02:00 [INF] Route matched with {action = "Login", controller = "Account"}. Executing controller action with signature System.Threading.Tasks.Task`1[Microsoft.AspNetCore.Mvc.IActionResult] Login() on controller Apptivate_UQMS_WebApp.Controllers.AccountController (Apptivate_UQMS_WebApp).
2024-10-23 10:01:20.017 +02:00 [INF] Executed DbCommand (9ms) [Parameters=[@__firebaseUser_Uid_0='a5zHm5xhMpfm1TbNBSM3GXRXWLf2' (Size = 4000)], CommandType='"Text"', CommandTimeout='30']
SELECT TOP(2) [u].[UserID], [u].[Email], [u].[FirebaseUID], [u].[LastSeen], [u].[Name], [u].[PasswordHash], [u].[RegistrationDate], [u].[Role], [u].[Surname]
FROM [Users] AS [u]
WHERE [u].[FirebaseUID] = @__firebaseUser_Uid_0
2024-10-23 10:01:20.021 +02:00 [INF] Auto-login successful for user Jorge@gmail.com.
2024-10-23 10:01:20.022 +02:00 [INF] Executing RedirectResult, redirecting to /Dashboard/Index.
2024-10-23 10:01:20.023 +02:00 [INF] Executed action Apptivate_UQMS_WebApp.Controllers.AccountController.Login (Apptivate_UQMS_WebApp) in 341.5944ms
2024-10-23 10:01:20.024 +02:00 [INF] Executed endpoint 'Apptivate_UQMS_WebApp.Controllers.AccountController.Login (Apptivate_UQMS_WebApp)'
2024-10-23 10:01:20.026 +02:00 [INF] Request finished HTTP/2 GET https://localhost:7061/ - 302 0 null 356.1493ms
2024-10-23 10:01:20.032 +02:00 [INF] Request starting HTTP/2 GET https://localhost:7061/Dashboard/Index - null null
2024-10-23 10:01:20.039 +02:00 [INF] Executing endpoint 'Apptivate_UQMS_WebApp.Controllers.DashboardController.Index (Apptivate_UQMS_WebApp)'
2024-10-23 10:01:20.044 +02:00 [INF] Route matched with {action = "Index", controller = "Dashboard"}. Executing controller action with signature Microsoft.AspNetCore.Mvc.IActionResult Index() on controller Apptivate_UQMS_WebApp.Controllers.DashboardController (Apptivate_UQMS_WebApp).
2024-10-23 10:01:20.047 +02:00 [INF] Executing RedirectResult, redirecting to /Dashboard/StudentDashboard.
2024-10-23 10:01:20.048 +02:00 [INF] Executed action Apptivate_UQMS_WebApp.Controllers.DashboardController.Index (Apptivate_UQMS_WebApp) in 2.4887ms
2024-10-23 10:01:20.049 +02:00 [INF] Executed endpoint 'Apptivate_UQMS_WebApp.Controllers.DashboardController.Index (Apptivate_UQMS_WebApp)'
2024-10-23 10:01:20.050 +02:00 [INF] Request finished HTTP/2 GET https://localhost:7061/Dashboard/Index - 302 0 null 17.6042ms
2024-10-23 10:01:20.054 +02:00 [INF] Request starting HTTP/2 GET https://localhost:7061/Dashboard/StudentDashboard - null null
2024-10-23 10:01:20.061 +02:00 [INF] Executing endpoint 'Apptivate_UQMS_WebApp.Controllers.DashboardController.StudentDashboard (Apptivate_UQMS_WebApp)'
2024-10-23 10:01:20.061 +02:00 [INF] Route matched with {action = "StudentDashboard", controller = "Dashboard"}. Executing controller action with signature System.Threading.Tasks.Task`1[Microsoft.AspNetCore.Mvc.IActionResult] StudentDashboard() on controller Apptivate_UQMS_WebApp.Controllers.DashboardController (Apptivate_UQMS_WebApp).
2024-10-23 10:01:20.236 +02:00 [INF] Executed DbCommand (28ms) [Parameters=[@__firebaseUid_0='a5zHm5xhMpfm1TbNBSM3GXRXWLf2' (Size = 4000)], CommandType='"Text"', CommandTimeout='30']
SELECT TOP(1) [s].[StudentID], [s].[Course], [s].[Department], [s].[UserID], [s].[Year], [u].[UserID], [u].[Email], [u].[FirebaseUID], [u].[LastSeen], [u].[Name], [u].[PasswordHash], [u].[RegistrationDate], [u].[Role], [u].[Surname]
FROM [StudentDetails] AS [s]
INNER JOIN [Users] AS [u] ON [s].[UserID] = [u].[UserID]
WHERE [u].[FirebaseUID] = @__firebaseUid_0
2024-10-23 10:01:20.344 +02:00 [INF] Executed DbCommand (29ms) [Parameters=[@__student_StudentID_0='1'], CommandType='"Text"', CommandTimeout='30']
SELECT [q].[Status], COUNT(*) AS [Count]
FROM [Queries] AS [q]
WHERE [q].[StudentID] = @__student_StudentID_0
GROUP BY [q].[Status]
2024-10-23 10:01:20.407 +02:00 [INF] Executed DbCommand (22ms) [Parameters=[@__student_StudentID_0='1'], CommandType='"Text"', CommandTimeout='30']
SELECT [q].[QueryID], [q].[CategoryID], [q].[CourseID], [q].[DepartmentID], [q].[Description], [q].[ModuleID], [q].[QueryTypeID], [q].[ResolvedDate], [q].[Status], [q].[StudentID], [q].[SubmissionDate], [q].[TicketNumber], [q].[Year], [q0].[DocumentID], [q0].[DocumentName], [q0].[DocumentPath], [q0].[QueryID], [q0].[UploadDate]
FROM [Queries] AS [q]
LEFT JOIN [QueryDocuments] AS [q0] ON [q].[QueryID] = [q0].[QueryID]
WHERE [q].[StudentID] = @__student_StudentID_0
ORDER BY [q].[QueryID]
2024-10-23 10:01:20.482 +02:00 [INF] Executed DbCommand (3ms) [Parameters=[@__firebaseUid_0='a5zHm5xhMpfm1TbNBSM3GXRXWLf2' (Size = 4000)], CommandType='"Text"', CommandTimeout='30']
SELECT TOP(1) [u].[UserID], [u].[Email], [u].[FirebaseUID], [u].[LastSeen], [u].[Name], [u].[PasswordHash], [u].[RegistrationDate], [u].[Role], [u].[Surname]
FROM [Users] AS [u]
WHERE [u].[FirebaseUID] = @__firebaseUid_0
2024-10-23 10:01:20.494 +02:00 [INF] Executed DbCommand (4ms) [Parameters=[@__user_UserID_0='1'], CommandType='"Text"', CommandTimeout='30']
SELECT TOP(1) [s].[StudentID], [s].[Course], [s].[Department], [s].[UserID], [s].[Year]
FROM [StudentDetails] AS [s]
WHERE [s].[UserID] = @__user_UserID_0
2024-10-23 10:01:20.517 +02:00 [INF] Executed DbCommand (8ms) [Parameters=[@__user_UserID_0='1'], CommandType='"Text"', CommandTimeout='30']
SELECT TOP(1) [s].[StaffID], [s].[Department], [s].[PositionID], [s].[UserID], [s].[YearGroupTeaching], [p].[PositionID], [p].[PositionName]
FROM [StaffDetails] AS [s]
LEFT JOIN [Positions] AS [p] ON [s].[PositionID] = [p].[PositionID]
WHERE [s].[UserID] = @__user_UserID_0
2024-10-23 10:01:20.522 +02:00 [INF] Executing ViewResult, running view StudentDashboard.
2024-10-23 10:01:20.615 +02:00 [INF] Executed ViewResult - view StudentDashboard executed in 94.9363ms.
2024-10-23 10:01:20.620 +02:00 [INF] Executed action Apptivate_UQMS_WebApp.Controllers.DashboardController.StudentDashboard (Apptivate_UQMS_WebApp) in 557.1689ms
2024-10-23 10:01:20.621 +02:00 [INF] Executed endpoint 'Apptivate_UQMS_WebApp.Controllers.DashboardController.StudentDashboard (Apptivate_UQMS_WebApp)'
2024-10-23 10:01:20.624 +02:00 [INF] Request finished HTTP/2 GET https://localhost:7061/Dashboard/StudentDashboard - 200 null text/html; charset=utf-8 569.1114ms
2024-10-23 10:01:20.671 +02:00 [INF] Request starting HTTP/2 GET https://localhost:7061/_framework/aspnetcore-browser-refresh.js - null null
2024-10-23 10:01:20.680 +02:00 [INF] Request finished HTTP/2 GET https://localhost:7061/_framework/aspnetcore-browser-refresh.js - 200 13778 application/javascript; charset=utf-8 8.5511ms
2024-10-23 10:01:20.680 +02:00 [INF] Request starting HTTP/2 GET https://localhost:7061/_vs/browserLink - null null
2024-10-23 10:01:20.694 +02:00 [INF] Request finished HTTP/2 GET https://localhost:7061/_vs/browserLink - 200 null text/javascript; charset=UTF-8 13.5859ms
2024-10-23 10:01:23.009 +02:00 [INF] Request starting HTTP/2 GET https://localhost:7061/Logs/Index - null null
2024-10-23 10:01:23.019 +02:00 [INF] Executing endpoint 'Apptivate_UQMS_WebApp.Controllers.LogsController.Index (Apptivate_UQMS_WebApp)'
2024-10-23 10:01:23.022 +02:00 [INF] Route matched with {action = "Index", controller = "Logs"}. Executing controller action with signature Microsoft.AspNetCore.Mvc.IActionResult Index() on controller Apptivate_UQMS_WebApp.Controllers.LogsController (Apptivate_UQMS_WebApp).
2024-10-23 10:01:23.025 +02:00 [INF] Executing ViewResult, running view Error.
2024-10-23 10:01:23.027 +02:00 [INF] Executed action Apptivate_UQMS_WebApp.Controllers.LogsController.Index (Apptivate_UQMS_WebApp) in 2.5741ms
2024-10-23 10:01:23.028 +02:00 [INF] Executed endpoint 'Apptivate_UQMS_WebApp.Controllers.LogsController.Index (Apptivate_UQMS_WebApp)'
2024-10-23 10:01:23.029 +02:00 [ERR] An unhandled exception has occurred while executing the request.
System.InvalidOperationException: The model item passed into the ViewDataDictionary is of type 'System.String', but this ViewDataDictionary instance requires a model item of type 'Apptivate_UQMS_WebApp.Models.ErrorViewModel'.
   at Microsoft.AspNetCore.Mvc.ViewFeatures.ViewDataDictionary.EnsureCompatible(Object value)
   at lambda_method34(Closure, ViewDataDictionary)
   at Microsoft.AspNetCore.Mvc.Razor.RazorPagePropertyActivator.Activate(Object page, ViewContext context)
   at Microsoft.AspNetCore.Mvc.Razor.RazorView.RenderPageCoreAsync(IRazorPage page, ViewContext context)
   at Microsoft.AspNetCore.Mvc.Razor.RazorView.RenderPageAsync(IRazorPage page, ViewContext context, Boolean invokeViewStarts)
   at Microsoft.AspNetCore.Mvc.Razor.RazorView.RenderAsync(ViewContext context)
   at Microsoft.AspNetCore.Mvc.ViewFeatures.ViewExecutor.ExecuteAsync(ViewContext viewContext, String contentType, Nullable`1 statusCode)
   at Microsoft.AspNetCore.Mvc.ViewFeatures.ViewExecutor.ExecuteAsync(ViewContext viewContext, String contentType, Nullable`1 statusCode)
   at Microsoft.AspNetCore.Mvc.ViewFeatures.ViewExecutor.ExecuteAsync(ActionContext actionContext, IView view, ViewDataDictionary viewData, ITempDataDictionary tempData, String contentType, Nullable`1 statusCode)
   at Microsoft.AspNetCore.Mvc.ViewFeatures.ViewResultExecutor.ExecuteAsync(ActionContext context, ViewResult result)
   at Microsoft.AspNetCore.Mvc.ViewResult.ExecuteResultAsync(ActionContext context)
   at Microsoft.AspNetCore.Mvc.Infrastructure.ResourceInvoker.<InvokeNextResultFilterAsync>g__Awaited|30_0[TFilter,TFilterAsync](ResourceInvoker invoker, Task lastTask, State next, Scope scope, Object state, Boolean isCompleted)
   at Microsoft.AspNetCore.Mvc.Infrastructure.ResourceInvoker.Rethrow(ResultExecutedContextSealed context)
   at Microsoft.AspNetCore.Mvc.Infrastructure.ResourceInvoker.ResultNext[TFilter,TFilterAsync](State& next, Scope& scope, Object& state, Boolean& isCompleted)
   at Microsoft.AspNetCore.Mvc.Infrastructure.ResourceInvoker.InvokeResultFilters()
--- End of stack trace from previous location ---
   at Microsoft.AspNetCore.Mvc.Infrastructure.ResourceInvoker.<InvokeNextResourceFilter>g__Awaited|25_0(ResourceInvoker invoker, Task lastTask, State next, Scope scope, Object state, Boolean isCompleted)
   at Microsoft.AspNetCore.Mvc.Infrastructure.ResourceInvoker.Rethrow(ResourceExecutedContextSealed context)
   at Microsoft.AspNetCore.Mvc.Infrastructure.ResourceInvoker.Next(State& next, Scope& scope, Object& state, Boolean& isCompleted)
   at Microsoft.AspNetCore.Mvc.Infrastructure.ResourceInvoker.InvokeFilterPipelineAsync()
--- End of stack trace from previous location ---
   at Microsoft.AspNetCore.Mvc.Infrastructure.ResourceInvoker.<InvokeAsync>g__Logged|17_1(ResourceInvoker invoker)
   at Microsoft.AspNetCore.Mvc.Infrastructure.ResourceInvoker.<InvokeAsync>g__Logged|17_1(ResourceInvoker invoker)
   at Microsoft.AspNetCore.Routing.EndpointMiddleware.<Invoke>g__AwaitRequestTask|7_0(Endpoint endpoint, Task requestTask, ILogger logger)
   at Microsoft.AspNetCore.Authorization.AuthorizationMiddleware.Invoke(HttpContext context)
   at Microsoft.AspNetCore.Authentication.AuthenticationMiddleware.Invoke(HttpContext context)
   at Microsoft.AspNetCore.Authorization.AuthorizationMiddleware.Invoke(HttpContext context)
   at Microsoft.AspNetCore.Authentication.AuthenticationMiddleware.Invoke(HttpContext context)
   at Microsoft.AspNetCore.Session.SessionMiddleware.Invoke(HttpContext context)
   at Microsoft.AspNetCore.Session.SessionMiddleware.Invoke(HttpContext context)
   at Microsoft.AspNetCore.Diagnostics.DeveloperExceptionPageMiddlewareImpl.Invoke(HttpContext context)
2024-10-23 10:01:23.038 +02:00 [INF] Request finished HTTP/2 GET https://localhost:7061/Logs/Index - 500 null text/html; charset=utf-8 29.4527ms
2024-10-23 10:01:23.064 +02:00 [INF] Request starting HTTP/2 GET https://localhost:7061/_vs/browserLink - null null
2024-10-23 10:01:23.068 +02:00 [INF] Request starting HTTP/2 GET https://localhost:7061/_framework/aspnetcore-browser-refresh.js - null null
2024-10-23 10:01:23.070 +02:00 [INF] Request finished HTTP/2 GET https://localhost:7061/_vs/browserLink - 200 null text/javascript; charset=UTF-8 6.1401ms
2024-10-23 10:01:23.071 +02:00 [INF] Request finished HTTP/2 GET https://localhost:7061/_framework/aspnetcore-browser-refresh.js - 200 13778 application/javascript; charset=utf-8 3.0852ms
2024-10-23 10:03:50.800 +02:00 [INF] Request starting HTTP/2 GET https://localhost:7061/Dashboard/StudentDashboard - null null
2024-10-23 10:03:50.901 +02:00 [INF] Executing endpoint 'Apptivate_UQMS_WebApp.Controllers.DashboardController.StudentDashboard (Apptivate_UQMS_WebApp)'
2024-10-23 10:03:50.908 +02:00 [INF] Route matched with {action = "StudentDashboard", controller = "Dashboard"}. Executing controller action with signature System.Threading.Tasks.Task`1[Microsoft.AspNetCore.Mvc.IActionResult] StudentDashboard() on controller Apptivate_UQMS_WebApp.Controllers.DashboardController (Apptivate_UQMS_WebApp).
2024-10-23 10:03:51.014 +02:00 [INF] Executed DbCommand (35ms) [Parameters=[@__firebaseUid_0='a5zHm5xhMpfm1TbNBSM3GXRXWLf2' (Size = 4000)], CommandType='"Text"', CommandTimeout='30']
SELECT TOP(1) [s].[StudentID], [s].[Course], [s].[Department], [s].[UserID], [s].[Year], [u].[UserID], [u].[Email], [u].[FirebaseUID], [u].[LastSeen], [u].[Name], [u].[PasswordHash], [u].[RegistrationDate], [u].[Role], [u].[Surname]
FROM [StudentDetails] AS [s]
INNER JOIN [Users] AS [u] ON [s].[UserID] = [u].[UserID]
WHERE [u].[FirebaseUID] = @__firebaseUid_0
2024-10-23 10:03:51.049 +02:00 [INF] Executed DbCommand (5ms) [Parameters=[@__student_StudentID_0='1'], CommandType='"Text"', CommandTimeout='30']
SELECT [q].[Status], COUNT(*) AS [Count]
FROM [Queries] AS [q]
WHERE [q].[StudentID] = @__student_StudentID_0
GROUP BY [q].[Status]
2024-10-23 10:03:51.063 +02:00 [INF] Executed DbCommand (7ms) [Parameters=[@__student_StudentID_0='1'], CommandType='"Text"', CommandTimeout='30']
SELECT [q].[QueryID], [q].[CategoryID], [q].[CourseID], [q].[DepartmentID], [q].[Description], [q].[ModuleID], [q].[QueryTypeID], [q].[ResolvedDate], [q].[Status], [q].[StudentID], [q].[SubmissionDate], [q].[TicketNumber], [q].[Year], [q0].[DocumentID], [q0].[DocumentName], [q0].[DocumentPath], [q0].[QueryID], [q0].[UploadDate]
FROM [Queries] AS [q]
LEFT JOIN [QueryDocuments] AS [q0] ON [q].[QueryID] = [q0].[QueryID]
WHERE [q].[StudentID] = @__student_StudentID_0
ORDER BY [q].[QueryID]
2024-10-23 10:03:51.081 +02:00 [INF] Executed DbCommand (3ms) [Parameters=[@__firebaseUid_0='a5zHm5xhMpfm1TbNBSM3GXRXWLf2' (Size = 4000)], CommandType='"Text"', CommandTimeout='30']
SELECT TOP(1) [u].[UserID], [u].[Email], [u].[FirebaseUID], [u].[LastSeen], [u].[Name], [u].[PasswordHash], [u].[RegistrationDate], [u].[Role], [u].[Surname]
FROM [Users] AS [u]
WHERE [u].[FirebaseUID] = @__firebaseUid_0
2024-10-23 10:03:51.085 +02:00 [INF] Executed DbCommand (2ms) [Parameters=[@__user_UserID_0='1'], CommandType='"Text"', CommandTimeout='30']
SELECT TOP(1) [s].[StudentID], [s].[Course], [s].[Department], [s].[UserID], [s].[Year]
FROM [StudentDetails] AS [s]
WHERE [s].[UserID] = @__user_UserID_0
2024-10-23 10:03:51.093 +02:00 [INF] Executed DbCommand (5ms) [Parameters=[@__user_UserID_0='1'], CommandType='"Text"', CommandTimeout='30']
SELECT TOP(1) [s].[StaffID], [s].[Department], [s].[PositionID], [s].[UserID], [s].[YearGroupTeaching], [p].[PositionID], [p].[PositionName]
FROM [StaffDetails] AS [s]
LEFT JOIN [Positions] AS [p] ON [s].[PositionID] = [p].[PositionID]
WHERE [s].[UserID] = @__user_UserID_0
2024-10-23 10:03:51.099 +02:00 [INF] Executing ViewResult, running view StudentDashboard.
2024-10-23 10:03:51.135 +02:00 [INF] Executed ViewResult - view StudentDashboard executed in 39.721ms.
2024-10-23 10:03:51.137 +02:00 [INF] Executed action Apptivate_UQMS_WebApp.Controllers.DashboardController.StudentDashboard (Apptivate_UQMS_WebApp) in 227.6682ms
2024-10-23 10:03:51.138 +02:00 [INF] Executed endpoint 'Apptivate_UQMS_WebApp.Controllers.DashboardController.StudentDashboard (Apptivate_UQMS_WebApp)'
2024-10-23 10:03:51.142 +02:00 [INF] Request finished HTTP/2 GET https://localhost:7061/Dashboard/StudentDashboard - 200 null text/html; charset=utf-8 340.6955ms
2024-10-23 10:03:51.271 +02:00 [INF] Request starting HTTP/2 GET https://localhost:7061/_framework/aspnetcore-browser-refresh.js - null null
2024-10-23 10:03:51.275 +02:00 [INF] Request finished HTTP/2 GET https://localhost:7061/_framework/aspnetcore-browser-refresh.js - 200 13778 application/javascript; charset=utf-8 3.5207ms
2024-10-23 10:07:35.354 +02:00 [INF] User profile is available. Using 'C:\Users\trent\AppData\Local\ASP.NET\DataProtection-Keys' as key repository and Windows DPAPI to encrypt keys at rest.
2024-10-23 10:07:35.512 +02:00 [INF] Now listening on: https://localhost:7061
2024-10-23 10:07:35.514 +02:00 [INF] Now listening on: http://localhost:5042
2024-10-23 10:07:35.518 +02:00 [INF] Application started. Press Ctrl+C to shut down.
2024-10-23 10:07:35.520 +02:00 [INF] Hosting environment: Development
2024-10-23 10:07:35.521 +02:00 [INF] Content root path: C:\Users\trent\source\repos\Apptivate_UQMS
2024-10-23 10:07:35.880 +02:00 [INF] Request starting HTTP/2 GET https://localhost:7061/Dashboard/StudentDashboard - null null
2024-10-23 10:07:37.684 +02:00 [INF] Executing endpoint 'Apptivate_UQMS_WebApp.Controllers.DashboardController.StudentDashboard (Apptivate_UQMS_WebApp)'
2024-10-23 10:07:37.702 +02:00 [INF] Route matched with {action = "StudentDashboard", controller = "Dashboard"}. Executing controller action with signature System.Threading.Tasks.Task`1[Microsoft.AspNetCore.Mvc.IActionResult] StudentDashboard() on controller Apptivate_UQMS_WebApp.Controllers.DashboardController (Apptivate_UQMS_WebApp).
2024-10-23 10:07:37.808 +02:00 [INF] Accessing expired session, Key:98fe3cdb-77b3-bfc4-c6b8-277193dd97aa
2024-10-23 10:07:37.811 +02:00 [ERR] User not logged in.
2024-10-23 10:07:37.819 +02:00 [INF] Executing RedirectResult, redirecting to /.
2024-10-23 10:07:37.823 +02:00 [INF] Executed action Apptivate_UQMS_WebApp.Controllers.DashboardController.StudentDashboard (Apptivate_UQMS_WebApp) in 114.3874ms
2024-10-23 10:07:37.842 +02:00 [INF] Executed endpoint 'Apptivate_UQMS_WebApp.Controllers.DashboardController.StudentDashboard (Apptivate_UQMS_WebApp)'
2024-10-23 10:07:37.851 +02:00 [INF] Request finished HTTP/2 GET https://localhost:7061/Dashboard/StudentDashboard - 302 0 null 1974.4379ms
2024-10-23 10:07:37.869 +02:00 [INF] Request starting HTTP/2 GET https://localhost:7061/ - null null
2024-10-23 10:07:37.880 +02:00 [INF] Executing endpoint 'Apptivate_UQMS_WebApp.Controllers.AccountController.Login (Apptivate_UQMS_WebApp)'
2024-10-23 10:07:37.886 +02:00 [INF] Route matched with {action = "Login", controller = "Account"}. Executing controller action with signature System.Threading.Tasks.Task`1[Microsoft.AspNetCore.Mvc.IActionResult] Login() on controller Apptivate_UQMS_WebApp.Controllers.AccountController (Apptivate_UQMS_WebApp).
2024-10-23 10:07:39.318 +02:00 [WRN] Sensitive data logging is enabled. Log entries and exception messages may include sensitive application data; this mode should only be enabled during development.
2024-10-23 10:07:39.925 +02:00 [INF] Executed DbCommand (45ms) [Parameters=[@__firebaseUser_Uid_0='a5zHm5xhMpfm1TbNBSM3GXRXWLf2' (Size = 4000)], CommandType='"Text"', CommandTimeout='30']
SELECT TOP(2) [u].[UserID], [u].[Email], [u].[FirebaseUID], [u].[LastSeen], [u].[Name], [u].[PasswordHash], [u].[RegistrationDate], [u].[Role], [u].[Surname]
FROM [Users] AS [u]
WHERE [u].[FirebaseUID] = @__firebaseUser_Uid_0
2024-10-23 10:07:39.989 +02:00 [INF] Accessing expired session, Key:98fe3cdb-77b3-bfc4-c6b8-277193dd97aa
2024-10-23 10:07:39.993 +02:00 [INF] Auto-login successful for user Jorge@gmail.com.
2024-10-23 10:07:39.996 +02:00 [INF] Executing RedirectResult, redirecting to /Dashboard/Index.
2024-10-23 10:07:39.998 +02:00 [INF] Executed action Apptivate_UQMS_WebApp.Controllers.AccountController.Login (Apptivate_UQMS_WebApp) in 2110.1495ms
2024-10-23 10:07:39.999 +02:00 [INF] Executed endpoint 'Apptivate_UQMS_WebApp.Controllers.AccountController.Login (Apptivate_UQMS_WebApp)'
2024-10-23 10:07:40.001 +02:00 [INF] Session started; Key:98fe3cdb-77b3-bfc4-c6b8-277193dd97aa, Id:1b9b9b3b-aab1-a2ac-98c7-a0751c5e1abd
2024-10-23 10:07:40.005 +02:00 [INF] Request finished HTTP/2 GET https://localhost:7061/ - 302 0 null 2136.263ms
2024-10-23 10:07:40.009 +02:00 [INF] Request starting HTTP/2 GET https://localhost:7061/Dashboard/Index - null null
2024-10-23 10:07:40.016 +02:00 [INF] Executing endpoint 'Apptivate_UQMS_WebApp.Controllers.DashboardController.Index (Apptivate_UQMS_WebApp)'
2024-10-23 10:07:40.018 +02:00 [INF] Route matched with {action = "Index", controller = "Dashboard"}. Executing controller action with signature Microsoft.AspNetCore.Mvc.IActionResult Index() on controller Apptivate_UQMS_WebApp.Controllers.DashboardController (Apptivate_UQMS_WebApp).
2024-10-23 10:07:40.021 +02:00 [INF] Executing RedirectResult, redirecting to /Dashboard/StudentDashboard.
2024-10-23 10:07:40.021 +02:00 [INF] Executed action Apptivate_UQMS_WebApp.Controllers.DashboardController.Index (Apptivate_UQMS_WebApp) in 2.603ms
2024-10-23 10:07:40.022 +02:00 [INF] Executed endpoint 'Apptivate_UQMS_WebApp.Controllers.DashboardController.Index (Apptivate_UQMS_WebApp)'
2024-10-23 10:07:40.023 +02:00 [INF] Request finished HTTP/2 GET https://localhost:7061/Dashboard/Index - 302 0 null 13.814ms
2024-10-23 10:07:40.028 +02:00 [INF] Request starting HTTP/2 GET https://localhost:7061/Dashboard/StudentDashboard - null null
2024-10-23 10:07:40.032 +02:00 [INF] Executing endpoint 'Apptivate_UQMS_WebApp.Controllers.DashboardController.StudentDashboard (Apptivate_UQMS_WebApp)'
2024-10-23 10:07:40.033 +02:00 [INF] Route matched with {action = "StudentDashboard", controller = "Dashboard"}. Executing controller action with signature System.Threading.Tasks.Task`1[Microsoft.AspNetCore.Mvc.IActionResult] StudentDashboard() on controller Apptivate_UQMS_WebApp.Controllers.DashboardController (Apptivate_UQMS_WebApp).
2024-10-23 10:07:40.103 +02:00 [INF] Executed DbCommand (6ms) [Parameters=[@__firebaseUid_0='a5zHm5xhMpfm1TbNBSM3GXRXWLf2' (Size = 4000)], CommandType='"Text"', CommandTimeout='30']
SELECT TOP(1) [s].[StudentID], [s].[Course], [s].[Department], [s].[UserID], [s].[Year], [u].[UserID], [u].[Email], [u].[FirebaseUID], [u].[LastSeen], [u].[Name], [u].[PasswordHash], [u].[RegistrationDate], [u].[Role], [u].[Surname]
FROM [StudentDetails] AS [s]
INNER JOIN [Users] AS [u] ON [s].[UserID] = [u].[UserID]
WHERE [u].[FirebaseUID] = @__firebaseUid_0
2024-10-23 10:07:40.175 +02:00 [INF] Executed DbCommand (8ms) [Parameters=[@__student_StudentID_0='1'], CommandType='"Text"', CommandTimeout='30']
SELECT [q].[Status], COUNT(*) AS [Count]
FROM [Queries] AS [q]
WHERE [q].[StudentID] = @__student_StudentID_0
GROUP BY [q].[Status]
2024-10-23 10:07:40.211 +02:00 [INF] Executed DbCommand (6ms) [Parameters=[@__student_StudentID_0='1'], CommandType='"Text"', CommandTimeout='30']
SELECT [q].[QueryID], [q].[CategoryID], [q].[CourseID], [q].[DepartmentID], [q].[Description], [q].[ModuleID], [q].[QueryTypeID], [q].[ResolvedDate], [q].[Status], [q].[StudentID], [q].[SubmissionDate], [q].[TicketNumber], [q].[Year], [q0].[DocumentID], [q0].[DocumentName], [q0].[DocumentPath], [q0].[QueryID], [q0].[UploadDate]
FROM [Queries] AS [q]
LEFT JOIN [QueryDocuments] AS [q0] ON [q].[QueryID] = [q0].[QueryID]
WHERE [q].[StudentID] = @__student_StudentID_0
ORDER BY [q].[QueryID]
2024-10-23 10:07:40.268 +02:00 [INF] Executed DbCommand (2ms) [Parameters=[@__firebaseUid_0='a5zHm5xhMpfm1TbNBSM3GXRXWLf2' (Size = 4000)], CommandType='"Text"', CommandTimeout='30']
SELECT TOP(1) [u].[UserID], [u].[Email], [u].[FirebaseUID], [u].[LastSeen], [u].[Name], [u].[PasswordHash], [u].[RegistrationDate], [u].[Role], [u].[Surname]
FROM [Users] AS [u]
WHERE [u].[FirebaseUID] = @__firebaseUid_0
2024-10-23 10:07:40.278 +02:00 [INF] Executed DbCommand (2ms) [Parameters=[@__user_UserID_0='1'], CommandType='"Text"', CommandTimeout='30']
SELECT TOP(1) [s].[StudentID], [s].[Course], [s].[Department], [s].[UserID], [s].[Year]
FROM [StudentDetails] AS [s]
WHERE [s].[UserID] = @__user_UserID_0
2024-10-23 10:07:40.300 +02:00 [INF] Executed DbCommand (6ms) [Parameters=[@__user_UserID_0='1'], CommandType='"Text"', CommandTimeout='30']
SELECT TOP(1) [s].[StaffID], [s].[Department], [s].[PositionID], [s].[UserID], [s].[YearGroupTeaching], [p].[PositionID], [p].[PositionName]
FROM [StaffDetails] AS [s]
LEFT JOIN [Positions] AS [p] ON [s].[PositionID] = [p].[PositionID]
WHERE [s].[UserID] = @__user_UserID_0
2024-10-23 10:07:40.312 +02:00 [INF] Executing ViewResult, running view StudentDashboard.
2024-10-23 10:07:40.417 +02:00 [INF] Executed ViewResult - view StudentDashboard executed in 110.7769ms.
2024-10-23 10:07:40.421 +02:00 [INF] Executed action Apptivate_UQMS_WebApp.Controllers.DashboardController.StudentDashboard (Apptivate_UQMS_WebApp) in 386.6796ms
2024-10-23 10:07:40.422 +02:00 [INF] Executed endpoint 'Apptivate_UQMS_WebApp.Controllers.DashboardController.StudentDashboard (Apptivate_UQMS_WebApp)'
2024-10-23 10:07:40.425 +02:00 [INF] Request finished HTTP/2 GET https://localhost:7061/Dashboard/StudentDashboard - 200 null text/html; charset=utf-8 397.0828ms
2024-10-23 10:07:40.659 +02:00 [INF] Request starting HTTP/2 GET https://localhost:7061/_framework/aspnetcore-browser-refresh.js - null null
2024-10-23 10:07:40.667 +02:00 [INF] Request finished HTTP/2 GET https://localhost:7061/_framework/aspnetcore-browser-refresh.js - 200 13778 application/javascript; charset=utf-8 7.5251ms
2024-10-23 10:07:40.677 +02:00 [INF] Request starting HTTP/2 GET https://localhost:7061/_vs/browserLink - null null
2024-10-23 10:07:40.738 +02:00 [INF] Request finished HTTP/2 GET https://localhost:7061/_vs/browserLink - 200 null text/javascript; charset=UTF-8 61.1766ms
2024-10-23 10:07:43.168 +02:00 [INF] Request starting HTTP/2 GET https://localhost:7061/Dashboard/Index - null null
2024-10-23 10:07:43.176 +02:00 [INF] Executing endpoint 'Apptivate_UQMS_WebApp.Controllers.DashboardController.Index (Apptivate_UQMS_WebApp)'
2024-10-23 10:07:43.177 +02:00 [INF] Route matched with {action = "Index", controller = "Dashboard"}. Executing controller action with signature Microsoft.AspNetCore.Mvc.IActionResult Index() on controller Apptivate_UQMS_WebApp.Controllers.DashboardController (Apptivate_UQMS_WebApp).
2024-10-23 10:07:43.181 +02:00 [INF] Executing RedirectResult, redirecting to /Dashboard/StudentDashboard.
2024-10-23 10:07:43.183 +02:00 [INF] Executed action Apptivate_UQMS_WebApp.Controllers.DashboardController.Index (Apptivate_UQMS_WebApp) in 4.6244ms
2024-10-23 10:07:43.185 +02:00 [INF] Executed endpoint 'Apptivate_UQMS_WebApp.Controllers.DashboardController.Index (Apptivate_UQMS_WebApp)'
2024-10-23 10:07:43.186 +02:00 [INF] Request finished HTTP/2 GET https://localhost:7061/Dashboard/Index - 302 0 null 17.8487ms
2024-10-23 10:07:43.190 +02:00 [INF] Request starting HTTP/2 GET https://localhost:7061/Dashboard/StudentDashboard - null null
2024-10-23 10:07:43.192 +02:00 [INF] Executing endpoint 'Apptivate_UQMS_WebApp.Controllers.DashboardController.StudentDashboard (Apptivate_UQMS_WebApp)'
2024-10-23 10:07:43.193 +02:00 [INF] Route matched with {action = "StudentDashboard", controller = "Dashboard"}. Executing controller action with signature System.Threading.Tasks.Task`1[Microsoft.AspNetCore.Mvc.IActionResult] StudentDashboard() on controller Apptivate_UQMS_WebApp.Controllers.DashboardController (Apptivate_UQMS_WebApp).
2024-10-23 10:07:43.256 +02:00 [INF] Executed DbCommand (4ms) [Parameters=[@__firebaseUid_0='a5zHm5xhMpfm1TbNBSM3GXRXWLf2' (Size = 4000)], CommandType='"Text"', CommandTimeout='30']
SELECT TOP(1) [s].[StudentID], [s].[Course], [s].[Department], [s].[UserID], [s].[Year], [u].[UserID], [u].[Email], [u].[FirebaseUID], [u].[LastSeen], [u].[Name], [u].[PasswordHash], [u].[RegistrationDate], [u].[Role], [u].[Surname]
FROM [StudentDetails] AS [s]
INNER JOIN [Users] AS [u] ON [s].[UserID] = [u].[UserID]
WHERE [u].[FirebaseUID] = @__firebaseUid_0
2024-10-23 10:07:43.266 +02:00 [INF] Executed DbCommand (5ms) [Parameters=[@__student_StudentID_0='1'], CommandType='"Text"', CommandTimeout='30']
SELECT [q].[Status], COUNT(*) AS [Count]
FROM [Queries] AS [q]
WHERE [q].[StudentID] = @__student_StudentID_0
GROUP BY [q].[Status]
2024-10-23 10:07:43.273 +02:00 [INF] Executed DbCommand (4ms) [Parameters=[@__student_StudentID_0='1'], CommandType='"Text"', CommandTimeout='30']
SELECT [q].[QueryID], [q].[CategoryID], [q].[CourseID], [q].[DepartmentID], [q].[Description], [q].[ModuleID], [q].[QueryTypeID], [q].[ResolvedDate], [q].[Status], [q].[StudentID], [q].[SubmissionDate], [q].[TicketNumber], [q].[Year], [q0].[DocumentID], [q0].[DocumentName], [q0].[DocumentPath], [q0].[QueryID], [q0].[UploadDate]
FROM [Queries] AS [q]
LEFT JOIN [QueryDocuments] AS [q0] ON [q].[QueryID] = [q0].[QueryID]
WHERE [q].[StudentID] = @__student_StudentID_0
ORDER BY [q].[QueryID]
2024-10-23 10:07:43.282 +02:00 [INF] Executed DbCommand (3ms) [Parameters=[@__firebaseUid_0='a5zHm5xhMpfm1TbNBSM3GXRXWLf2' (Size = 4000)], CommandType='"Text"', CommandTimeout='30']
SELECT TOP(1) [u].[UserID], [u].[Email], [u].[FirebaseUID], [u].[LastSeen], [u].[Name], [u].[PasswordHash], [u].[RegistrationDate], [u].[Role], [u].[Surname]
FROM [Users] AS [u]
WHERE [u].[FirebaseUID] = @__firebaseUid_0
2024-10-23 10:07:43.288 +02:00 [INF] Executed DbCommand (2ms) [Parameters=[@__user_UserID_0='1'], CommandType='"Text"', CommandTimeout='30']
SELECT TOP(1) [s].[StudentID], [s].[Course], [s].[Department], [s].[UserID], [s].[Year]
FROM [StudentDetails] AS [s]
WHERE [s].[UserID] = @__user_UserID_0
2024-10-23 10:07:43.296 +02:00 [INF] Executed DbCommand (4ms) [Parameters=[@__user_UserID_0='1'], CommandType='"Text"', CommandTimeout='30']
SELECT TOP(1) [s].[StaffID], [s].[Department], [s].[PositionID], [s].[UserID], [s].[YearGroupTeaching], [p].[PositionID], [p].[PositionName]
FROM [StaffDetails] AS [s]
LEFT JOIN [Positions] AS [p] ON [s].[PositionID] = [p].[PositionID]
WHERE [s].[UserID] = @__user_UserID_0
2024-10-23 10:07:43.298 +02:00 [INF] Executing ViewResult, running view StudentDashboard.
2024-10-23 10:07:43.304 +02:00 [INF] Executed ViewResult - view StudentDashboard executed in 5.7427ms.
2024-10-23 10:07:43.306 +02:00 [INF] Executed action Apptivate_UQMS_WebApp.Controllers.DashboardController.StudentDashboard (Apptivate_UQMS_WebApp) in 111.5936ms
2024-10-23 10:07:43.307 +02:00 [INF] Executed endpoint 'Apptivate_UQMS_WebApp.Controllers.DashboardController.StudentDashboard (Apptivate_UQMS_WebApp)'
2024-10-23 10:07:43.309 +02:00 [INF] Request finished HTTP/2 GET https://localhost:7061/Dashboard/StudentDashboard - 200 null text/html; charset=utf-8 119.1948ms
2024-10-23 10:07:43.356 +02:00 [INF] Request starting HTTP/2 GET https://localhost:7061/_framework/aspnetcore-browser-refresh.js - null null
2024-10-23 10:07:43.360 +02:00 [INF] Request starting HTTP/2 GET https://localhost:7061/_vs/browserLink - null null
2024-10-23 10:07:43.360 +02:00 [INF] Request finished HTTP/2 GET https://localhost:7061/_framework/aspnetcore-browser-refresh.js - 200 13778 application/javascript; charset=utf-8 3.9788ms
2024-10-23 10:07:43.371 +02:00 [INF] Request finished HTTP/2 GET https://localhost:7061/_vs/browserLink - 200 null text/javascript; charset=UTF-8 11.2366ms
2024-10-23 10:07:44.113 +02:00 [INF] Request starting HTTP/2 GET https://localhost:7061/Logs/Index - null null
2024-10-23 10:07:44.120 +02:00 [INF] Executing endpoint 'Apptivate_UQMS_WebApp.Controllers.LogsController.Index (Apptivate_UQMS_WebApp)'
2024-10-23 10:07:44.123 +02:00 [INF] Route matched with {action = "Index", controller = "Logs"}. Executing controller action with signature Microsoft.AspNetCore.Mvc.IActionResult Index() on controller Apptivate_UQMS_WebApp.Controllers.LogsController (Apptivate_UQMS_WebApp).
2024-10-23 10:07:44.126 +02:00 [INF] Executing ViewResult, running view Error.
2024-10-23 10:07:44.132 +02:00 [INF] Executed action Apptivate_UQMS_WebApp.Controllers.LogsController.Index (Apptivate_UQMS_WebApp) in 7.6936ms
2024-10-23 10:07:44.133 +02:00 [INF] Executed endpoint 'Apptivate_UQMS_WebApp.Controllers.LogsController.Index (Apptivate_UQMS_WebApp)'
2024-10-23 10:07:44.136 +02:00 [ERR] An unhandled exception has occurred while executing the request.
System.InvalidOperationException: The model item passed into the ViewDataDictionary is of type 'System.String', but this ViewDataDictionary instance requires a model item of type 'Apptivate_UQMS_WebApp.Models.ErrorViewModel'.
   at Microsoft.AspNetCore.Mvc.ViewFeatures.ViewDataDictionary.EnsureCompatible(Object value)
   at lambda_method401(Closure, ViewDataDictionary)
   at Microsoft.AspNetCore.Mvc.Razor.RazorPagePropertyActivator.Activate(Object page, ViewContext context)
   at Microsoft.AspNetCore.Mvc.Razor.RazorView.RenderPageCoreAsync(IRazorPage page, ViewContext context)
   at Microsoft.AspNetCore.Mvc.Razor.RazorView.RenderPageAsync(IRazorPage page, ViewContext context, Boolean invokeViewStarts)
   at Microsoft.AspNetCore.Mvc.Razor.RazorView.RenderAsync(ViewContext context)
   at Microsoft.AspNetCore.Mvc.ViewFeatures.ViewExecutor.ExecuteAsync(ViewContext viewContext, String contentType, Nullable`1 statusCode)
   at Microsoft.AspNetCore.Mvc.ViewFeatures.ViewExecutor.ExecuteAsync(ViewContext viewContext, String contentType, Nullable`1 statusCode)
   at Microsoft.AspNetCore.Mvc.ViewFeatures.ViewExecutor.ExecuteAsync(ActionContext actionContext, IView view, ViewDataDictionary viewData, ITempDataDictionary tempData, String contentType, Nullable`1 statusCode)
   at Microsoft.AspNetCore.Mvc.ViewFeatures.ViewResultExecutor.ExecuteAsync(ActionContext context, ViewResult result)
   at Microsoft.AspNetCore.Mvc.ViewResult.ExecuteResultAsync(ActionContext context)
   at Microsoft.AspNetCore.Mvc.Infrastructure.ResourceInvoker.<InvokeNextResultFilterAsync>g__Awaited|30_0[TFilter,TFilterAsync](ResourceInvoker invoker, Task lastTask, State next, Scope scope, Object state, Boolean isCompleted)
   at Microsoft.AspNetCore.Mvc.Infrastructure.ResourceInvoker.Rethrow(ResultExecutedContextSealed context)
   at Microsoft.AspNetCore.Mvc.Infrastructure.ResourceInvoker.ResultNext[TFilter,TFilterAsync](State& next, Scope& scope, Object& state, Boolean& isCompleted)
   at Microsoft.AspNetCore.Mvc.Infrastructure.ResourceInvoker.InvokeResultFilters()
--- End of stack trace from previous location ---
   at Microsoft.AspNetCore.Mvc.Infrastructure.ResourceInvoker.<InvokeNextResourceFilter>g__Awaited|25_0(ResourceInvoker invoker, Task lastTask, State next, Scope scope, Object state, Boolean isCompleted)
   at Microsoft.AspNetCore.Mvc.Infrastructure.ResourceInvoker.Rethrow(ResourceExecutedContextSealed context)
   at Microsoft.AspNetCore.Mvc.Infrastructure.ResourceInvoker.Next(State& next, Scope& scope, Object& state, Boolean& isCompleted)
   at Microsoft.AspNetCore.Mvc.Infrastructure.ResourceInvoker.InvokeFilterPipelineAsync()
--- End of stack trace from previous location ---
   at Microsoft.AspNetCore.Mvc.Infrastructure.ResourceInvoker.<InvokeAsync>g__Logged|17_1(ResourceInvoker invoker)
   at Microsoft.AspNetCore.Mvc.Infrastructure.ResourceInvoker.<InvokeAsync>g__Logged|17_1(ResourceInvoker invoker)
   at Microsoft.AspNetCore.Routing.EndpointMiddleware.<Invoke>g__AwaitRequestTask|7_0(Endpoint endpoint, Task requestTask, ILogger logger)
   at Microsoft.AspNetCore.Authorization.AuthorizationMiddleware.Invoke(HttpContext context)
   at Microsoft.AspNetCore.Authentication.AuthenticationMiddleware.Invoke(HttpContext context)
   at Microsoft.AspNetCore.Authorization.AuthorizationMiddleware.Invoke(HttpContext context)
   at Microsoft.AspNetCore.Authentication.AuthenticationMiddleware.Invoke(HttpContext context)
   at Microsoft.AspNetCore.Session.SessionMiddleware.Invoke(HttpContext context)
   at Microsoft.AspNetCore.Session.SessionMiddleware.Invoke(HttpContext context)
   at Microsoft.AspNetCore.Diagnostics.DeveloperExceptionPageMiddlewareImpl.Invoke(HttpContext context)
2024-10-23 10:07:44.199 +02:00 [INF] Request finished HTTP/2 GET https://localhost:7061/Logs/Index - 500 null text/html; charset=utf-8 85.2261ms
2024-10-23 10:07:44.228 +02:00 [INF] Request starting HTTP/2 GET https://localhost:7061/_vs/browserLink - null null
2024-10-23 10:07:44.231 +02:00 [INF] Request starting HTTP/2 GET https://localhost:7061/_framework/aspnetcore-browser-refresh.js - null null
2024-10-23 10:07:44.234 +02:00 [INF] Request finished HTTP/2 GET https://localhost:7061/_framework/aspnetcore-browser-refresh.js - 200 13778 application/javascript; charset=utf-8 2.6787ms
2024-10-23 10:07:44.235 +02:00 [INF] Request finished HTTP/2 GET https://localhost:7061/_vs/browserLink - 200 null text/javascript; charset=UTF-8 6.4549ms
2024-10-23 10:10:39.428 +02:00 [INF] User profile is available. Using 'C:\Users\trent\AppData\Local\ASP.NET\DataProtection-Keys' as key repository and Windows DPAPI to encrypt keys at rest.
2024-10-23 10:10:39.700 +02:00 [INF] Now listening on: https://localhost:7061
2024-10-23 10:10:39.701 +02:00 [INF] Now listening on: http://localhost:5042
2024-10-23 10:10:39.706 +02:00 [INF] Application started. Press Ctrl+C to shut down.
2024-10-23 10:10:39.707 +02:00 [INF] Hosting environment: Development
2024-10-23 10:10:39.708 +02:00 [INF] Content root path: C:\Users\trent\source\repos\Apptivate_UQMS
2024-10-23 10:10:40.155 +02:00 [INF] Request starting HTTP/2 GET https://localhost:7061/Logs/Index - null null
2024-10-23 10:10:41.205 +02:00 [INF] Executing endpoint 'Apptivate_UQMS_WebApp.Controllers.LogsController.Index (Apptivate_UQMS_WebApp)'
2024-10-23 10:10:41.217 +02:00 [INF] Route matched with {action = "Index", controller = "Logs"}. Executing controller action with signature Microsoft.AspNetCore.Mvc.IActionResult Index() on controller Apptivate_UQMS_WebApp.Controllers.LogsController (Apptivate_UQMS_WebApp).
2024-10-23 10:10:41.228 +02:00 [INF] Executed action Apptivate_UQMS_WebApp.Controllers.LogsController.Index (Apptivate_UQMS_WebApp) in 4.2912ms
2024-10-23 10:10:41.234 +02:00 [INF] Executed endpoint 'Apptivate_UQMS_WebApp.Controllers.LogsController.Index (Apptivate_UQMS_WebApp)'
2024-10-23 10:10:41.242 +02:00 [ERR] An unhandled exception has occurred while executing the request.
System.IO.DirectoryNotFoundException: Could not find a part of the path 'C:\Users\trent\source\repos\Apptivate_UQMS\Logs'.
   at System.IO.Enumeration.FileSystemEnumerator`1.CreateDirectoryHandle(String path, Boolean ignoreNotFound)
   at System.IO.Enumeration.FileSystemEnumerator`1.Init()
   at System.IO.Enumeration.FileSystemEnumerable`1..ctor(String directory, FindTransform transform, EnumerationOptions options, Boolean isNormalized)
   at System.IO.Enumeration.FileSystemEnumerableFactory.UserFiles(String directory, String expression, EnumerationOptions options)
   at System.IO.Directory.InternalEnumeratePaths(String path, String searchPattern, SearchTarget searchTarget, EnumerationOptions options)
   at System.IO.Directory.GetFiles(String path, String searchPattern, EnumerationOptions enumerationOptions)
   at Apptivate_UQMS_WebApp.Controllers.LogsController.Index() in C:\Users\trent\source\repos\Apptivate_UQMS\Controllers\LogsController.cs:line 24
   at lambda_method27(Closure, Object, Object[])
   at Microsoft.AspNetCore.Mvc.Infrastructure.ActionMethodExecutor.SyncActionResultExecutor.Execute(ActionContext actionContext, IActionResultTypeMapper mapper, ObjectMethodExecutor executor, Object controller, Object[] arguments)
   at Microsoft.AspNetCore.Mvc.Infrastructure.ControllerActionInvoker.InvokeActionMethodAsync()
   at Microsoft.AspNetCore.Mvc.Infrastructure.ControllerActionInvoker.Next(State& next, Scope& scope, Object& state, Boolean& isCompleted)
   at Microsoft.AspNetCore.Mvc.Infrastructure.ControllerActionInvoker.InvokeNextActionFilterAsync()
--- End of stack trace from previous location ---
   at Microsoft.AspNetCore.Mvc.Infrastructure.ControllerActionInvoker.Rethrow(ActionExecutedContextSealed context)
   at Microsoft.AspNetCore.Mvc.Infrastructure.ControllerActionInvoker.Next(State& next, Scope& scope, Object& state, Boolean& isCompleted)
   at Microsoft.AspNetCore.Mvc.Infrastructure.ControllerActionInvoker.InvokeInnerFilterAsync()
--- End of stack trace from previous location ---
   at Microsoft.AspNetCore.Mvc.Infrastructure.ResourceInvoker.<InvokeNextResourceFilter>g__Awaited|25_0(ResourceInvoker invoker, Task lastTask, State next, Scope scope, Object state, Boolean isCompleted)
   at Microsoft.AspNetCore.Mvc.Infrastructure.ResourceInvoker.Rethrow(ResourceExecutedContextSealed context)
   at Microsoft.AspNetCore.Mvc.Infrastructure.ResourceInvoker.Next(State& next, Scope& scope, Object& state, Boolean& isCompleted)
   at Microsoft.AspNetCore.Mvc.Infrastructure.ResourceInvoker.InvokeFilterPipelineAsync()
--- End of stack trace from previous location ---
   at Microsoft.AspNetCore.Mvc.Infrastructure.ResourceInvoker.<InvokeAsync>g__Logged|17_1(ResourceInvoker invoker)
   at Microsoft.AspNetCore.Mvc.Infrastructure.ResourceInvoker.<InvokeAsync>g__Logged|17_1(ResourceInvoker invoker)
   at Microsoft.AspNetCore.Routing.EndpointMiddleware.<Invoke>g__AwaitRequestTask|7_0(Endpoint endpoint, Task requestTask, ILogger logger)
   at Microsoft.AspNetCore.Authorization.AuthorizationMiddleware.Invoke(HttpContext context)
   at Microsoft.AspNetCore.Authentication.AuthenticationMiddleware.Invoke(HttpContext context)
   at Microsoft.AspNetCore.Authorization.AuthorizationMiddleware.Invoke(HttpContext context)
   at Microsoft.AspNetCore.Authentication.AuthenticationMiddleware.Invoke(HttpContext context)
   at Microsoft.AspNetCore.Session.SessionMiddleware.Invoke(HttpContext context)
   at Microsoft.AspNetCore.Session.SessionMiddleware.Invoke(HttpContext context)
   at Microsoft.AspNetCore.Diagnostics.DeveloperExceptionPageMiddlewareImpl.Invoke(HttpContext context)
2024-10-23 10:10:41.491 +02:00 [INF] Request finished HTTP/2 GET https://localhost:7061/Logs/Index - 500 null text/html; charset=utf-8 1338.1067ms
2024-10-23 10:10:41.621 +02:00 [INF] Request starting HTTP/2 GET https://localhost:7061/_vs/browserLink - null null
2024-10-23 10:10:41.641 +02:00 [INF] Request starting HTTP/2 GET https://localhost:7061/_framework/aspnetcore-browser-refresh.js - null null
2024-10-23 10:10:41.647 +02:00 [INF] Request finished HTTP/2 GET https://localhost:7061/_framework/aspnetcore-browser-refresh.js - 200 13778 application/javascript; charset=utf-8 6.2163ms
2024-10-23 10:10:41.656 +02:00 [INF] Request finished HTTP/2 GET https://localhost:7061/_vs/browserLink - 200 null text/javascript; charset=UTF-8 35.6252ms
